<?xml version="1.0" encoding="UTF-8"?>
<coverage generated="1606955208495" clover="3.2.0">
  <project timestamp="1606955208495" name="All files">
    <metrics statements="4" coveredstatements="4" conditionals="6" coveredconditionals="6" methods="2" coveredmethods="2" elements="12" coveredelements="12" complexity="0" loc="4" ncloc="4" packages="1" files="1" classes="1"/>
    <file name="add.js" path="/Users/a0k00hu/learn/javascript/master/src/circleci_test/add.js">
      <metrics statements="4" coveredstatements="4" conditionals="6" coveredconditionals="6" methods="2" coveredmethods="2"/>
      <line num="2" count="6" type="cond" truecount="2" falsecount="0"/>
      <line num="6" count="3" type="cond" truecount="4" falsecount="0"/>
      <line num="7" count="2" type="stmt"/>
      <line num="10" count="1" type="stmt"/>
    </file>
  </project>
</coverage>
