{"/Users/a0k00hu/learn/javascript/master/src/circleci_test/add.js": {"path":"/Users/a0k00hu/learn/javascript/master/src/circleci_test/add.js","statementMap":{"0":{"start":{"line":2,"column":2},"end":{"line":2,"column":39}},"1":{"start":{"line":6,"column":2},"end":{"line":6,"column":57}},"2":{"start":{"line":6,"column":40},"end":{"line":6,"column":57}},"3":{"start":{"line":7,"column":2},"end":{"line":7,"column":15}},"4":{"start":{"line":10,"column":0},"end":{"line":10,"column":21}}},"fnMap":{"0":{"name":"isUndefined","decl":{"start":{"line":1,"column":9},"end":{"line":1,"column":20}},"loc":{"start":{"line":1,"column":24},"end":{"line":3,"column":1}},"line":1},"1":{"name":"add","decl":{"start":{"line":5,"column":9},"end":{"line":5,"column":12}},"loc":{"start":{"line":5,"column":19},"end":{"line":8,"column":1}},"line":5}},"branchMap":{"0":{"loc":{"start":{"line":2,"column":9},"end":{"line":2,"column":38}},"type":"binary-expr","locations":[{"start":{"line":2,"column":9},"end":{"line":2,"column":19}},{"start":{"line":2,"column":23},"end":{"line":2,"column":38}}],"line":2},"1":{"loc":{"start":{"line":6,"column":2},"end":{"line":6,"column":57}},"type":"if","locations":[{"start":{"line":6,"column":2},"end":{"line":6,"column":57}},{"start":{"line":6,"column":2},"end":{"line":6,"column":57}}],"line":6},"2":{"loc":{"start":{"line":6,"column":6},"end":{"line":6,"column":38}},"type":"binary-expr","locations":[{"start":{"line":6,"column":6},"end":{"line":6,"column":20}},{"start":{"line":6,"column":24},"end":{"line":6,"column":38}}],"line":6}},"s":{"0":6,"1":3,"2":1,"3":2,"4":1},"f":{"0":6,"1":3},"b":{"0":[6,6],"1":[1,2],"2":[3,3]},"_coverageSchema":"1a1c01bbd47fc00a2c39e90264f33305004495a9","hash":"b4f9c9995ea35bb42758d690800e8c68da4db15b"}
}
